mode: set
spectre-network/internal/pool/pool.go:21.33,29.31 2 1
spectre-network/internal/pool/pool.go:29.31,32.3 2 1
spectre-network/internal/pool/pool.go:34.2,34.10 1 1
spectre-network/internal/pool/pool.go:37.25,39.6 2 1
spectre-network/internal/pool/pool.go:39.6,40.10 1 1
spectre-network/internal/pool/pool.go:41.30,42.11 1 1
spectre-network/internal/pool/pool.go:42.11,44.5 1 1
spectre-network/internal/pool/pool.go:45.4,45.33 1 1
spectre-network/internal/pool/pool.go:45.33,46.12 1 1
spectre-network/internal/pool/pool.go:47.24,47.24 0 1
spectre-network/internal/pool/pool.go:48.13,48.13 0 0
spectre-network/internal/pool/pool.go:51.17,52.10 1 0
spectre-network/internal/pool/pool.go:58.31,59.9 1 1
spectre-network/internal/pool/pool.go:60.20,60.20 0 1
spectre-network/internal/pool/pool.go:61.16,61.16 0 0
spectre-network/internal/pool/pool.go:67.29,68.19 1 1
spectre-network/internal/pool/pool.go:68.19,70.3 1 1
spectre-network/internal/pool/pool.go:71.2,73.9 2 1
spectre-network/internal/pool/pool.go:74.23,75.13 1 1
spectre-network/internal/pool/pool.go:76.10,77.13 1 1
spectre-network/internal/pool/pool.go:82.23,84.2 1 0
